<?xml version="1.0" encoding="UTF-8"?>
<testsuite xmlns:xsi="http://www.w3.org/2001/XMLSchema-instance" xsi:noNamespaceSchemaLocation="https://maven.apache.org/surefire/maven-surefire-plugin/xsd/surefire-test-report.xsd" name="com.lzc.smallbyuser.SmallbyUserApplicationTests" time="0.138" tests="3" errors="3" skipped="0" failures="0">
  <properties>
    <property name="sun.desktop" value="windows"/>
    <property name="awt.toolkit" value="sun.awt.windows.WToolkit"/>
    <property name="file.encoding.pkg" value="sun.io"/>
    <property name="java.specification.version" value="1.8"/>
    <property name="sun.cpu.isalist" value="amd64"/>
    <property name="sun.jnu.encoding" value="GBK"/>
    <property name="java.class.path" value="E:\smallby\smallby-cloud\smallby-user\target\test-classes;E:\smallby\smallby-cloud\smallby-user\target\classes;D:\apache-maven-3.5.4-bin\repository\org\springframework\boot\spring-boot-starter-data-redis\2.0.3.RELEASE\spring-boot-starter-data-redis-2.0.3.RELEASE.jar;D:\apache-maven-3.5.4-bin\repository\org\springframework\boot\spring-boot-starter\2.0.3.RELEASE\spring-boot-starter-2.0.3.RELEASE.jar;D:\apache-maven-3.5.4-bin\repository\org\springframework\boot\spring-boot-starter-logging\2.0.3.RELEASE\spring-boot-starter-logging-2.0.3.RELEASE.jar;D:\apache-maven-3.5.4-bin\repository\ch\qos\logback\logback-classic\1.2.3\logback-classic-1.2.3.jar;D:\apache-maven-3.5.4-bin\repository\ch\qos\logback\logback-core\1.2.3\logback-core-1.2.3.jar;D:\apache-maven-3.5.4-bin\repository\org\apache\logging\log4j\log4j-to-slf4j\2.10.0\log4j-to-slf4j-2.10.0.jar;D:\apache-maven-3.5.4-bin\repository\org\apache\logging\log4j\log4j-api\2.10.0\log4j-api-2.10.0.jar;D:\apache-maven-3.5.4-bin\repository\org\slf4j\jul-to-slf4j\1.7.25\jul-to-slf4j-1.7.25.jar;D:\apache-maven-3.5.4-bin\repository\javax\annotation\javax.annotation-api\1.3.2\javax.annotation-api-1.3.2.jar;D:\apache-maven-3.5.4-bin\repository\org\yaml\snakeyaml\1.19\snakeyaml-1.19.jar;D:\apache-maven-3.5.4-bin\repository\org\springframework\data\spring-data-redis\2.0.8.RELEASE\spring-data-redis-2.0.8.RELEASE.jar;D:\apache-maven-3.5.4-bin\repository\org\springframework\data\spring-data-keyvalue\2.0.8.RELEASE\spring-data-keyvalue-2.0.8.RELEASE.jar;D:\apache-maven-3.5.4-bin\repository\org\springframework\data\spring-data-commons\2.0.8.RELEASE\spring-data-commons-2.0.8.RELEASE.jar;D:\apache-maven-3.5.4-bin\repository\org\springframework\spring-tx\5.0.7.RELEASE\spring-tx-5.0.7.RELEASE.jar;D:\apache-maven-3.5.4-bin\repository\org\springframework\spring-oxm\5.0.7.RELEASE\spring-oxm-5.0.7.RELEASE.jar;D:\apache-maven-3.5.4-bin\repository\org\springframework\spring-aop\5.0.7.RELEASE\spring-aop-5.0.7.RELEASE.jar;D:\apache-maven-3.5.4-bin\repository\org\springframework\spring-context-support\5.0.7.RELEASE\spring-context-support-5.0.7.RELEASE.jar;D:\apache-maven-3.5.4-bin\repository\org\slf4j\slf4j-api\1.7.25\slf4j-api-1.7.25.jar;D:\apache-maven-3.5.4-bin\repository\io\lettuce\lettuce-core\5.0.4.RELEASE\lettuce-core-5.0.4.RELEASE.jar;D:\apache-maven-3.5.4-bin\repository\io\projectreactor\reactor-core\3.1.8.RELEASE\reactor-core-3.1.8.RELEASE.jar;D:\apache-maven-3.5.4-bin\repository\org\reactivestreams\reactive-streams\1.0.2\reactive-streams-1.0.2.jar;D:\apache-maven-3.5.4-bin\repository\io\netty\netty-common\4.1.25.Final\netty-common-4.1.25.Final.jar;D:\apache-maven-3.5.4-bin\repository\io\netty\netty-transport\4.1.25.Final\netty-transport-4.1.25.Final.jar;D:\apache-maven-3.5.4-bin\repository\io\netty\netty-buffer\4.1.25.Final\netty-buffer-4.1.25.Final.jar;D:\apache-maven-3.5.4-bin\repository\io\netty\netty-resolver\4.1.25.Final\netty-resolver-4.1.25.Final.jar;D:\apache-maven-3.5.4-bin\repository\io\netty\netty-handler\4.1.25.Final\netty-handler-4.1.25.Final.jar;D:\apache-maven-3.5.4-bin\repository\io\netty\netty-codec\4.1.25.Final\netty-codec-4.1.25.Final.jar;D:\apache-maven-3.5.4-bin\repository\org\springframework\boot\spring-boot-starter-web\2.0.3.RELEASE\spring-boot-starter-web-2.0.3.RELEASE.jar;D:\apache-maven-3.5.4-bin\repository\org\springframework\boot\spring-boot-starter-json\2.0.3.RELEASE\spring-boot-starter-json-2.0.3.RELEASE.jar;D:\apache-maven-3.5.4-bin\repository\com\fasterxml\jackson\core\jackson-databind\2.9.6\jackson-databind-2.9.6.jar;D:\apache-maven-3.5.4-bin\repository\com\fasterxml\jackson\datatype\jackson-datatype-jdk8\2.9.6\jackson-datatype-jdk8-2.9.6.jar;D:\apache-maven-3.5.4-bin\repository\com\fasterxml\jackson\datatype\jackson-datatype-jsr310\2.9.6\jackson-datatype-jsr310-2.9.6.jar;D:\apache-maven-3.5.4-bin\repository\com\fasterxml\jackson\module\jackson-module-parameter-names\2.9.6\jackson-module-parameter-names-2.9.6.jar;D:\apache-maven-3.5.4-bin\repository\org\springframework\boot\spring-boot-starter-tomcat\2.0.3.RELEASE\spring-boot-starter-tomcat-2.0.3.RELEASE.jar;D:\apache-maven-3.5.4-bin\repository\org\apache\tomcat\embed\tomcat-embed-core\8.5.31\tomcat-embed-core-8.5.31.jar;D:\apache-maven-3.5.4-bin\repository\org\apache\tomcat\embed\tomcat-embed-el\8.5.31\tomcat-embed-el-8.5.31.jar;D:\apache-maven-3.5.4-bin\repository\org\apache\tomcat\embed\tomcat-embed-websocket\8.5.31\tomcat-embed-websocket-8.5.31.jar;D:\apache-maven-3.5.4-bin\repository\org\hibernate\validator\hibernate-validator\6.0.10.Final\hibernate-validator-6.0.10.Final.jar;D:\apache-maven-3.5.4-bin\repository\javax\validation\validation-api\2.0.1.Final\validation-api-2.0.1.Final.jar;D:\apache-maven-3.5.4-bin\repository\org\jboss\logging\jboss-logging\3.3.2.Final\jboss-logging-3.3.2.Final.jar;D:\apache-maven-3.5.4-bin\repository\com\fasterxml\classmate\1.3.4\classmate-1.3.4.jar;D:\apache-maven-3.5.4-bin\repository\org\springframework\spring-web\5.0.7.RELEASE\spring-web-5.0.7.RELEASE.jar;D:\apache-maven-3.5.4-bin\repository\org\springframework\spring-beans\5.0.7.RELEASE\spring-beans-5.0.7.RELEASE.jar;D:\apache-maven-3.5.4-bin\repository\org\springframework\spring-webmvc\5.0.7.RELEASE\spring-webmvc-5.0.7.RELEASE.jar;D:\apache-maven-3.5.4-bin\repository\org\springframework\spring-context\5.0.7.RELEASE\spring-context-5.0.7.RELEASE.jar;D:\apache-maven-3.5.4-bin\repository\org\springframework\spring-expression\5.0.7.RELEASE\spring-expression-5.0.7.RELEASE.jar;D:\apache-maven-3.5.4-bin\repository\org\springframework\boot\spring-boot-devtools\2.0.3.RELEASE\spring-boot-devtools-2.0.3.RELEASE.jar;D:\apache-maven-3.5.4-bin\repository\org\springframework\boot\spring-boot\2.0.3.RELEASE\spring-boot-2.0.3.RELEASE.jar;D:\apache-maven-3.5.4-bin\repository\org\springframework\boot\spring-boot-autoconfigure\2.0.3.RELEASE\spring-boot-autoconfigure-2.0.3.RELEASE.jar;D:\apache-maven-3.5.4-bin\repository\org\projectlombok\lombok\1.16.22\lombok-1.16.22.jar;D:\apache-maven-3.5.4-bin\repository\org\springframework\cloud\spring-cloud-starter-netflix-eureka-client\2.0.0.RELEASE\spring-cloud-starter-netflix-eureka-client-2.0.0.RELEASE.jar;D:\apache-maven-3.5.4-bin\repository\org\springframework\cloud\spring-cloud-starter\2.0.0.RELEASE\spring-cloud-starter-2.0.0.RELEASE.jar;D:\apache-maven-3.5.4-bin\repository\org\springframework\cloud\spring-cloud-context\2.0.0.RELEASE\spring-cloud-context-2.0.0.RELEASE.jar;D:\apache-maven-3.5.4-bin\repository\org\springframework\security\spring-security-rsa\1.0.5.RELEASE\spring-security-rsa-1.0.5.RELEASE.jar;D:\apache-maven-3.5.4-bin\repository\org\bouncycastle\bcpkix-jdk15on\1.56\bcpkix-jdk15on-1.56.jar;D:\apache-maven-3.5.4-bin\repository\org\bouncycastle\bcprov-jdk15on\1.56\bcprov-jdk15on-1.56.jar;D:\apache-maven-3.5.4-bin\repository\org\springframework\cloud\spring-cloud-netflix-core\2.0.0.RELEASE\spring-cloud-netflix-core-2.0.0.RELEASE.jar;D:\apache-maven-3.5.4-bin\repository\org\springframework\boot\spring-boot-starter-aop\2.0.3.RELEASE\spring-boot-starter-aop-2.0.3.RELEASE.jar;D:\apache-maven-3.5.4-bin\repository\org\aspectj\aspectjweaver\1.8.13\aspectjweaver-1.8.13.jar;D:\apache-maven-3.5.4-bin\repository\org\springframework\cloud\spring-cloud-netflix-eureka-client\2.0.0.RELEASE\spring-cloud-netflix-eureka-client-2.0.0.RELEASE.jar;D:\apache-maven-3.5.4-bin\repository\com\netflix\eureka\eureka-client\1.9.2\eureka-client-1.9.2.jar;D:\apache-maven-3.5.4-bin\repository\org\codehaus\jettison\jettison\1.3.7\jettison-1.3.7.jar;D:\apache-maven-3.5.4-bin\repository\stax\stax-api\1.0.1\stax-api-1.0.1.jar;D:\apache-maven-3.5.4-bin\repository\com\netflix\netflix-commons\netflix-eventbus\0.3.0\netflix-eventbus-0.3.0.jar;D:\apache-maven-3.5.4-bin\repository\com\netflix\netflix-commons\netflix-infix\0.3.0\netflix-infix-0.3.0.jar;D:\apache-maven-3.5.4-bin\repository\commons-jxpath\commons-jxpath\1.3\commons-jxpath-1.3.jar;D:\apache-maven-3.5.4-bin\repository\joda-time\joda-time\2.9.9\joda-time-2.9.9.jar;D:\apache-maven-3.5.4-bin\repository\org\antlr\antlr-runtime\3.4\antlr-runtime-3.4.jar;D:\apache-maven-3.5.4-bin\repository\org\antlr\stringtemplate\3.2.1\stringtemplate-3.2.1.jar;D:\apache-maven-3.5.4-bin\repository\antlr\antlr\2.7.7\antlr-2.7.7.jar;D:\apache-maven-3.5.4-bin\repository\com\google\code\gson\gson\2.8.5\gson-2.8.5.jar;D:\apache-maven-3.5.4-bin\repository\org\apache\commons\commons-math\2.2\commons-math-2.2.jar;D:\apache-maven-3.5.4-bin\repository\com\netflix\archaius\archaius-core\0.7.6\archaius-core-0.7.6.jar;D:\apache-maven-3.5.4-bin\repository\com\google\guava\guava\16.0\guava-16.0.jar;D:\apache-maven-3.5.4-bin\repository\javax\ws\rs\jsr311-api\1.1.1\jsr311-api-1.1.1.jar;D:\apache-maven-3.5.4-bin\repository\com\netflix\servo\servo-core\0.12.21\servo-core-0.12.21.jar;D:\apache-maven-3.5.4-bin\repository\com\sun\jersey\jersey-core\1.19.1\jersey-core-1.19.1.jar;D:\apache-maven-3.5.4-bin\repository\com\sun\jersey\jersey-client\1.19.1\jersey-client-1.19.1.jar;D:\apache-maven-3.5.4-bin\repository\com\sun\jersey\contribs\jersey-apache-client4\1.19.1\jersey-apache-client4-1.19.1.jar;D:\apache-maven-3.5.4-bin\repository\org\apache\httpcomponents\httpclient\4.5.5\httpclient-4.5.5.jar;D:\apache-maven-3.5.4-bin\repository\org\apache\httpcomponents\httpcore\4.4.9\httpcore-4.4.9.jar;D:\apache-maven-3.5.4-bin\repository\commons-codec\commons-codec\1.11\commons-codec-1.11.jar;D:\apache-maven-3.5.4-bin\repository\com\google\inject\guice\4.1.0\guice-4.1.0.jar;D:\apache-maven-3.5.4-bin\repository\javax\inject\javax.inject\1\javax.inject-1.jar;D:\apache-maven-3.5.4-bin\repository\aopalliance\aopalliance\1.0\aopalliance-1.0.jar;D:\apache-maven-3.5.4-bin\repository\com\github\vlsi\compactmap\compactmap\1.2.1\compactmap-1.2.1.jar;D:\apache-maven-3.5.4-bin\repository\com\github\andrewoma\dexx\dexx-collections\0.2\dexx-collections-0.2.jar;D:\apache-maven-3.5.4-bin\repository\com\fasterxml\jackson\core\jackson-annotations\2.9.0\jackson-annotations-2.9.0.jar;D:\apache-maven-3.5.4-bin\repository\com\fasterxml\jackson\core\jackson-core\2.9.6\jackson-core-2.9.6.jar;D:\apache-maven-3.5.4-bin\repository\com\netflix\eureka\eureka-core\1.9.2\eureka-core-1.9.2.jar;D:\apache-maven-3.5.4-bin\repository\org\codehaus\woodstox\woodstox-core-asl\4.4.1\woodstox-core-asl-4.4.1.jar;D:\apache-maven-3.5.4-bin\repository\javax\xml\stream\stax-api\1.0-2\stax-api-1.0-2.jar;D:\apache-maven-3.5.4-bin\repository\org\codehaus\woodstox\stax2-api\3.1.4\stax2-api-3.1.4.jar;D:\apache-maven-3.5.4-bin\repository\org\springframework\cloud\spring-cloud-starter-netflix-archaius\2.0.0.RELEASE\spring-cloud-starter-netflix-archaius-2.0.0.RELEASE.jar;D:\apache-maven-3.5.4-bin\repository\org\springframework\cloud\spring-cloud-netflix-ribbon\2.0.0.RELEASE\spring-cloud-netflix-ribbon-2.0.0.RELEASE.jar;D:\apache-maven-3.5.4-bin\repository\org\springframework\cloud\spring-cloud-netflix-archaius\2.0.0.RELEASE\spring-cloud-netflix-archaius-2.0.0.RELEASE.jar;D:\apache-maven-3.5.4-bin\repository\commons-configuration\commons-configuration\1.8\commons-configuration-1.8.jar;D:\apache-maven-3.5.4-bin\repository\commons-lang\commons-lang\2.6\commons-lang-2.6.jar;D:\apache-maven-3.5.4-bin\repository\org\springframework\cloud\spring-cloud-starter-netflix-ribbon\2.0.0.RELEASE\spring-cloud-starter-netflix-ribbon-2.0.0.RELEASE.jar;D:\apache-maven-3.5.4-bin\repository\com\netflix\ribbon\ribbon\2.2.5\ribbon-2.2.5.jar;D:\apache-maven-3.5.4-bin\repository\com\netflix\ribbon\ribbon-transport\2.2.5\ribbon-transport-2.2.5.jar;D:\apache-maven-3.5.4-bin\repository\io\reactivex\rxnetty-contexts\0.4.9\rxnetty-contexts-0.4.9.jar;D:\apache-maven-3.5.4-bin\repository\io\reactivex\rxnetty-servo\0.4.9\rxnetty-servo-0.4.9.jar;D:\apache-maven-3.5.4-bin\repository\io\reactivex\rxnetty\0.4.9\rxnetty-0.4.9.jar;D:\apache-maven-3.5.4-bin\repository\io\netty\netty-codec-http\4.1.25.Final\netty-codec-http-4.1.25.Final.jar;D:\apache-maven-3.5.4-bin\repository\io\netty\netty-transport-native-epoll\4.1.25.Final\netty-transport-native-epoll-4.1.25.Final.jar;D:\apache-maven-3.5.4-bin\repository\io\netty\netty-transport-native-unix-common\4.1.25.Final\netty-transport-native-unix-common-4.1.25.Final.jar;D:\apache-maven-3.5.4-bin\repository\com\netflix\ribbon\ribbon-core\2.2.5\ribbon-core-2.2.5.jar;D:\apache-maven-3.5.4-bin\repository\com\netflix\ribbon\ribbon-httpclient\2.2.5\ribbon-httpclient-2.2.5.jar;D:\apache-maven-3.5.4-bin\repository\commons-collections\commons-collections\3.2.2\commons-collections-3.2.2.jar;D:\apache-maven-3.5.4-bin\repository\com\netflix\netflix-commons\netflix-commons-util\0.3.0\netflix-commons-util-0.3.0.jar;D:\apache-maven-3.5.4-bin\repository\com\netflix\ribbon\ribbon-loadbalancer\2.2.5\ribbon-loadbalancer-2.2.5.jar;D:\apache-maven-3.5.4-bin\repository\com\netflix\netflix-commons\netflix-statistics\0.1.1\netflix-statistics-0.1.1.jar;D:\apache-maven-3.5.4-bin\repository\io\reactivex\rxjava\1.3.8\rxjava-1.3.8.jar;D:\apache-maven-3.5.4-bin\repository\com\netflix\ribbon\ribbon-eureka\2.2.5\ribbon-eureka-2.2.5.jar;D:\apache-maven-3.5.4-bin\repository\com\thoughtworks\xstream\xstream\1.4.10\xstream-1.4.10.jar;D:\apache-maven-3.5.4-bin\repository\xmlpull\xmlpull\1.1.3.1\xmlpull-1.1.3.1.jar;D:\apache-maven-3.5.4-bin\repository\xpp3\xpp3_min\1.1.4c\xpp3_min-1.1.4c.jar;D:\apache-maven-3.5.4-bin\repository\org\springframework\cloud\spring-cloud-starter-openfeign\2.0.0.RELEASE\spring-cloud-starter-openfeign-2.0.0.RELEASE.jar;D:\apache-maven-3.5.4-bin\repository\org\springframework\cloud\spring-cloud-openfeign-core\2.0.0.RELEASE\spring-cloud-openfeign-core-2.0.0.RELEASE.jar;D:\apache-maven-3.5.4-bin\repository\org\springframework\cloud\spring-cloud-commons\2.0.0.RELEASE\spring-cloud-commons-2.0.0.RELEASE.jar;D:\apache-maven-3.5.4-bin\repository\org\springframework\security\spring-security-crypto\5.0.6.RELEASE\spring-security-crypto-5.0.6.RELEASE.jar;D:\apache-maven-3.5.4-bin\repository\io\github\openfeign\feign-core\9.5.1\feign-core-9.5.1.jar;D:\apache-maven-3.5.4-bin\repository\io\github\openfeign\feign-slf4j\9.5.1\feign-slf4j-9.5.1.jar;D:\apache-maven-3.5.4-bin\repository\io\github\openfeign\feign-hystrix\9.5.1\feign-hystrix-9.5.1.jar;D:\apache-maven-3.5.4-bin\repository\com\netflix\hystrix\hystrix-core\1.5.12\hystrix-core-1.5.12.jar;D:\apache-maven-3.5.4-bin\repository\io\github\openfeign\feign-java8\9.5.1\feign-java8-9.5.1.jar;D:\apache-maven-3.5.4-bin\repository\org\springframework\boot\spring-boot-starter-actuator\2.0.3.RELEASE\spring-boot-starter-actuator-2.0.3.RELEASE.jar;D:\apache-maven-3.5.4-bin\repository\org\springframework\boot\spring-boot-actuator-autoconfigure\2.0.3.RELEASE\spring-boot-actuator-autoconfigure-2.0.3.RELEASE.jar;D:\apache-maven-3.5.4-bin\repository\org\springframework\boot\spring-boot-actuator\2.0.3.RELEASE\spring-boot-actuator-2.0.3.RELEASE.jar;D:\apache-maven-3.5.4-bin\repository\io\micrometer\micrometer-core\1.0.5\micrometer-core-1.0.5.jar;D:\apache-maven-3.5.4-bin\repository\org\hdrhistogram\HdrHistogram\2.1.10\HdrHistogram-2.1.10.jar;D:\apache-maven-3.5.4-bin\repository\org\latencyutils\LatencyUtils\2.0.3\LatencyUtils-2.0.3.jar;D:\apache-maven-3.5.4-bin\repository\org\springframework\boot\spring-boot-starter-test\2.0.3.RELEASE\spring-boot-starter-test-2.0.3.RELEASE.jar;D:\apache-maven-3.5.4-bin\repository\org\springframework\boot\spring-boot-test\2.0.3.RELEASE\spring-boot-test-2.0.3.RELEASE.jar;D:\apache-maven-3.5.4-bin\repository\org\springframework\boot\spring-boot-test-autoconfigure\2.0.3.RELEASE\spring-boot-test-autoconfigure-2.0.3.RELEASE.jar;D:\apache-maven-3.5.4-bin\repository\com\jayway\jsonpath\json-path\2.4.0\json-path-2.4.0.jar;D:\apache-maven-3.5.4-bin\repository\net\minidev\json-smart\2.3\json-smart-2.3.jar;D:\apache-maven-3.5.4-bin\repository\net\minidev\accessors-smart\1.2\accessors-smart-1.2.jar;D:\apache-maven-3.5.4-bin\repository\org\ow2\asm\asm\5.0.4\asm-5.0.4.jar;D:\apache-maven-3.5.4-bin\repository\junit\junit\4.12\junit-4.12.jar;D:\apache-maven-3.5.4-bin\repository\org\assertj\assertj-core\3.9.1\assertj-core-3.9.1.jar;D:\apache-maven-3.5.4-bin\repository\org\mockito\mockito-core\2.15.0\mockito-core-2.15.0.jar;D:\apache-maven-3.5.4-bin\repository\net\bytebuddy\byte-buddy\1.7.11\byte-buddy-1.7.11.jar;D:\apache-maven-3.5.4-bin\repository\net\bytebuddy\byte-buddy-agent\1.7.11\byte-buddy-agent-1.7.11.jar;D:\apache-maven-3.5.4-bin\repository\org\objenesis\objenesis\2.6\objenesis-2.6.jar;D:\apache-maven-3.5.4-bin\repository\org\hamcrest\hamcrest-core\1.3\hamcrest-core-1.3.jar;D:\apache-maven-3.5.4-bin\repository\org\hamcrest\hamcrest-library\1.3\hamcrest-library-1.3.jar;D:\apache-maven-3.5.4-bin\repository\org\skyscreamer\jsonassert\1.5.0\jsonassert-1.5.0.jar;D:\apache-maven-3.5.4-bin\repository\com\vaadin\external\google\android-json\0.0.20131108.vaadin1\android-json-0.0.20131108.vaadin1.jar;D:\apache-maven-3.5.4-bin\repository\org\springframework\spring-core\5.0.7.RELEASE\spring-core-5.0.7.RELEASE.jar;D:\apache-maven-3.5.4-bin\repository\org\springframework\spring-jcl\5.0.7.RELEASE\spring-jcl-5.0.7.RELEASE.jar;D:\apache-maven-3.5.4-bin\repository\org\springframework\spring-test\5.0.7.RELEASE\spring-test-5.0.7.RELEASE.jar;D:\apache-maven-3.5.4-bin\repository\org\xmlunit\xmlunit-core\2.5.1\xmlunit-core-2.5.1.jar;"/>
    <property name="java.vm.vendor" value="Oracle Corporation"/>
    <property name="sun.arch.data.model" value="64"/>
    <property name="user.variant" value=""/>
    <property name="java.vendor.url" value="http://java.oracle.com/"/>
    <property name="user.timezone" value=""/>
    <property name="java.vm.specification.version" value="1.8"/>
    <property name="os.name" value="Windows 10"/>
    <property name="user.country" value="CN"/>
    <property name="sun.java.launcher" value="SUN_STANDARD"/>
    <property name="sun.boot.library.path" value="C:\Program Files\Java\jdk1.8.0_102\jre\bin"/>
    <property name="sun.java.command" value="C:\Users\水银队长\AppData\Local\Temp\surefire6741544556341596019\surefirebooter8050429905131488833.jar C:\Users\水银队长\AppData\Local\Temp\surefire6741544556341596019 2019-12-27T17-04-00_299-jvmRun1 surefire3972300843358759566tmp surefire_08444295413394777283tmp"/>
    <property name="surefire.test.class.path" value="E:\smallby\smallby-cloud\smallby-user\target\test-classes;E:\smallby\smallby-cloud\smallby-user\target\classes;D:\apache-maven-3.5.4-bin\repository\org\springframework\boot\spring-boot-starter-data-redis\2.0.3.RELEASE\spring-boot-starter-data-redis-2.0.3.RELEASE.jar;D:\apache-maven-3.5.4-bin\repository\org\springframework\boot\spring-boot-starter\2.0.3.RELEASE\spring-boot-starter-2.0.3.RELEASE.jar;D:\apache-maven-3.5.4-bin\repository\org\springframework\boot\spring-boot-starter-logging\2.0.3.RELEASE\spring-boot-starter-logging-2.0.3.RELEASE.jar;D:\apache-maven-3.5.4-bin\repository\ch\qos\logback\logback-classic\1.2.3\logback-classic-1.2.3.jar;D:\apache-maven-3.5.4-bin\repository\ch\qos\logback\logback-core\1.2.3\logback-core-1.2.3.jar;D:\apache-maven-3.5.4-bin\repository\org\apache\logging\log4j\log4j-to-slf4j\2.10.0\log4j-to-slf4j-2.10.0.jar;D:\apache-maven-3.5.4-bin\repository\org\apache\logging\log4j\log4j-api\2.10.0\log4j-api-2.10.0.jar;D:\apache-maven-3.5.4-bin\repository\org\slf4j\jul-to-slf4j\1.7.25\jul-to-slf4j-1.7.25.jar;D:\apache-maven-3.5.4-bin\repository\javax\annotation\javax.annotation-api\1.3.2\javax.annotation-api-1.3.2.jar;D:\apache-maven-3.5.4-bin\repository\org\yaml\snakeyaml\1.19\snakeyaml-1.19.jar;D:\apache-maven-3.5.4-bin\repository\org\springframework\data\spring-data-redis\2.0.8.RELEASE\spring-data-redis-2.0.8.RELEASE.jar;D:\apache-maven-3.5.4-bin\repository\org\springframework\data\spring-data-keyvalue\2.0.8.RELEASE\spring-data-keyvalue-2.0.8.RELEASE.jar;D:\apache-maven-3.5.4-bin\repository\org\springframework\data\spring-data-commons\2.0.8.RELEASE\spring-data-commons-2.0.8.RELEASE.jar;D:\apache-maven-3.5.4-bin\repository\org\springframework\spring-tx\5.0.7.RELEASE\spring-tx-5.0.7.RELEASE.jar;D:\apache-maven-3.5.4-bin\repository\org\springframework\spring-oxm\5.0.7.RELEASE\spring-oxm-5.0.7.RELEASE.jar;D:\apache-maven-3.5.4-bin\repository\org\springframework\spring-aop\5.0.7.RELEASE\spring-aop-5.0.7.RELEASE.jar;D:\apache-maven-3.5.4-bin\repository\org\springframework\spring-context-support\5.0.7.RELEASE\spring-context-support-5.0.7.RELEASE.jar;D:\apache-maven-3.5.4-bin\repository\org\slf4j\slf4j-api\1.7.25\slf4j-api-1.7.25.jar;D:\apache-maven-3.5.4-bin\repository\io\lettuce\lettuce-core\5.0.4.RELEASE\lettuce-core-5.0.4.RELEASE.jar;D:\apache-maven-3.5.4-bin\repository\io\projectreactor\reactor-core\3.1.8.RELEASE\reactor-core-3.1.8.RELEASE.jar;D:\apache-maven-3.5.4-bin\repository\org\reactivestreams\reactive-streams\1.0.2\reactive-streams-1.0.2.jar;D:\apache-maven-3.5.4-bin\repository\io\netty\netty-common\4.1.25.Final\netty-common-4.1.25.Final.jar;D:\apache-maven-3.5.4-bin\repository\io\netty\netty-transport\4.1.25.Final\netty-transport-4.1.25.Final.jar;D:\apache-maven-3.5.4-bin\repository\io\netty\netty-buffer\4.1.25.Final\netty-buffer-4.1.25.Final.jar;D:\apache-maven-3.5.4-bin\repository\io\netty\netty-resolver\4.1.25.Final\netty-resolver-4.1.25.Final.jar;D:\apache-maven-3.5.4-bin\repository\io\netty\netty-handler\4.1.25.Final\netty-handler-4.1.25.Final.jar;D:\apache-maven-3.5.4-bin\repository\io\netty\netty-codec\4.1.25.Final\netty-codec-4.1.25.Final.jar;D:\apache-maven-3.5.4-bin\repository\org\springframework\boot\spring-boot-starter-web\2.0.3.RELEASE\spring-boot-starter-web-2.0.3.RELEASE.jar;D:\apache-maven-3.5.4-bin\repository\org\springframework\boot\spring-boot-starter-json\2.0.3.RELEASE\spring-boot-starter-json-2.0.3.RELEASE.jar;D:\apache-maven-3.5.4-bin\repository\com\fasterxml\jackson\core\jackson-databind\2.9.6\jackson-databind-2.9.6.jar;D:\apache-maven-3.5.4-bin\repository\com\fasterxml\jackson\datatype\jackson-datatype-jdk8\2.9.6\jackson-datatype-jdk8-2.9.6.jar;D:\apache-maven-3.5.4-bin\repository\com\fasterxml\jackson\datatype\jackson-datatype-jsr310\2.9.6\jackson-datatype-jsr310-2.9.6.jar;D:\apache-maven-3.5.4-bin\repository\com\fasterxml\jackson\module\jackson-module-parameter-names\2.9.6\jackson-module-parameter-names-2.9.6.jar;D:\apache-maven-3.5.4-bin\repository\org\springframework\boot\spring-boot-starter-tomcat\2.0.3.RELEASE\spring-boot-starter-tomcat-2.0.3.RELEASE.jar;D:\apache-maven-3.5.4-bin\repository\org\apache\tomcat\embed\tomcat-embed-core\8.5.31\tomcat-embed-core-8.5.31.jar;D:\apache-maven-3.5.4-bin\repository\org\apache\tomcat\embed\tomcat-embed-el\8.5.31\tomcat-embed-el-8.5.31.jar;D:\apache-maven-3.5.4-bin\repository\org\apache\tomcat\embed\tomcat-embed-websocket\8.5.31\tomcat-embed-websocket-8.5.31.jar;D:\apache-maven-3.5.4-bin\repository\org\hibernate\validator\hibernate-validator\6.0.10.Final\hibernate-validator-6.0.10.Final.jar;D:\apache-maven-3.5.4-bin\repository\javax\validation\validation-api\2.0.1.Final\validation-api-2.0.1.Final.jar;D:\apache-maven-3.5.4-bin\repository\org\jboss\logging\jboss-logging\3.3.2.Final\jboss-logging-3.3.2.Final.jar;D:\apache-maven-3.5.4-bin\repository\com\fasterxml\classmate\1.3.4\classmate-1.3.4.jar;D:\apache-maven-3.5.4-bin\repository\org\springframework\spring-web\5.0.7.RELEASE\spring-web-5.0.7.RELEASE.jar;D:\apache-maven-3.5.4-bin\repository\org\springframework\spring-beans\5.0.7.RELEASE\spring-beans-5.0.7.RELEASE.jar;D:\apache-maven-3.5.4-bin\repository\org\springframework\spring-webmvc\5.0.7.RELEASE\spring-webmvc-5.0.7.RELEASE.jar;D:\apache-maven-3.5.4-bin\repository\org\springframework\spring-context\5.0.7.RELEASE\spring-context-5.0.7.RELEASE.jar;D:\apache-maven-3.5.4-bin\repository\org\springframework\spring-expression\5.0.7.RELEASE\spring-expression-5.0.7.RELEASE.jar;D:\apache-maven-3.5.4-bin\repository\org\springframework\boot\spring-boot-devtools\2.0.3.RELEASE\spring-boot-devtools-2.0.3.RELEASE.jar;D:\apache-maven-3.5.4-bin\repository\org\springframework\boot\spring-boot\2.0.3.RELEASE\spring-boot-2.0.3.RELEASE.jar;D:\apache-maven-3.5.4-bin\repository\org\springframework\boot\spring-boot-autoconfigure\2.0.3.RELEASE\spring-boot-autoconfigure-2.0.3.RELEASE.jar;D:\apache-maven-3.5.4-bin\repository\org\projectlombok\lombok\1.16.22\lombok-1.16.22.jar;D:\apache-maven-3.5.4-bin\repository\org\springframework\cloud\spring-cloud-starter-netflix-eureka-client\2.0.0.RELEASE\spring-cloud-starter-netflix-eureka-client-2.0.0.RELEASE.jar;D:\apache-maven-3.5.4-bin\repository\org\springframework\cloud\spring-cloud-starter\2.0.0.RELEASE\spring-cloud-starter-2.0.0.RELEASE.jar;D:\apache-maven-3.5.4-bin\repository\org\springframework\cloud\spring-cloud-context\2.0.0.RELEASE\spring-cloud-context-2.0.0.RELEASE.jar;D:\apache-maven-3.5.4-bin\repository\org\springframework\security\spring-security-rsa\1.0.5.RELEASE\spring-security-rsa-1.0.5.RELEASE.jar;D:\apache-maven-3.5.4-bin\repository\org\bouncycastle\bcpkix-jdk15on\1.56\bcpkix-jdk15on-1.56.jar;D:\apache-maven-3.5.4-bin\repository\org\bouncycastle\bcprov-jdk15on\1.56\bcprov-jdk15on-1.56.jar;D:\apache-maven-3.5.4-bin\repository\org\springframework\cloud\spring-cloud-netflix-core\2.0.0.RELEASE\spring-cloud-netflix-core-2.0.0.RELEASE.jar;D:\apache-maven-3.5.4-bin\repository\org\springframework\boot\spring-boot-starter-aop\2.0.3.RELEASE\spring-boot-starter-aop-2.0.3.RELEASE.jar;D:\apache-maven-3.5.4-bin\repository\org\aspectj\aspectjweaver\1.8.13\aspectjweaver-1.8.13.jar;D:\apache-maven-3.5.4-bin\repository\org\springframework\cloud\spring-cloud-netflix-eureka-client\2.0.0.RELEASE\spring-cloud-netflix-eureka-client-2.0.0.RELEASE.jar;D:\apache-maven-3.5.4-bin\repository\com\netflix\eureka\eureka-client\1.9.2\eureka-client-1.9.2.jar;D:\apache-maven-3.5.4-bin\repository\org\codehaus\jettison\jettison\1.3.7\jettison-1.3.7.jar;D:\apache-maven-3.5.4-bin\repository\stax\stax-api\1.0.1\stax-api-1.0.1.jar;D:\apache-maven-3.5.4-bin\repository\com\netflix\netflix-commons\netflix-eventbus\0.3.0\netflix-eventbus-0.3.0.jar;D:\apache-maven-3.5.4-bin\repository\com\netflix\netflix-commons\netflix-infix\0.3.0\netflix-infix-0.3.0.jar;D:\apache-maven-3.5.4-bin\repository\commons-jxpath\commons-jxpath\1.3\commons-jxpath-1.3.jar;D:\apache-maven-3.5.4-bin\repository\joda-time\joda-time\2.9.9\joda-time-2.9.9.jar;D:\apache-maven-3.5.4-bin\repository\org\antlr\antlr-runtime\3.4\antlr-runtime-3.4.jar;D:\apache-maven-3.5.4-bin\repository\org\antlr\stringtemplate\3.2.1\stringtemplate-3.2.1.jar;D:\apache-maven-3.5.4-bin\repository\antlr\antlr\2.7.7\antlr-2.7.7.jar;D:\apache-maven-3.5.4-bin\repository\com\google\code\gson\gson\2.8.5\gson-2.8.5.jar;D:\apache-maven-3.5.4-bin\repository\org\apache\commons\commons-math\2.2\commons-math-2.2.jar;D:\apache-maven-3.5.4-bin\repository\com\netflix\archaius\archaius-core\0.7.6\archaius-core-0.7.6.jar;D:\apache-maven-3.5.4-bin\repository\com\google\guava\guava\16.0\guava-16.0.jar;D:\apache-maven-3.5.4-bin\repository\javax\ws\rs\jsr311-api\1.1.1\jsr311-api-1.1.1.jar;D:\apache-maven-3.5.4-bin\repository\com\netflix\servo\servo-core\0.12.21\servo-core-0.12.21.jar;D:\apache-maven-3.5.4-bin\repository\com\sun\jersey\jersey-core\1.19.1\jersey-core-1.19.1.jar;D:\apache-maven-3.5.4-bin\repository\com\sun\jersey\jersey-client\1.19.1\jersey-client-1.19.1.jar;D:\apache-maven-3.5.4-bin\repository\com\sun\jersey\contribs\jersey-apache-client4\1.19.1\jersey-apache-client4-1.19.1.jar;D:\apache-maven-3.5.4-bin\repository\org\apache\httpcomponents\httpclient\4.5.5\httpclient-4.5.5.jar;D:\apache-maven-3.5.4-bin\repository\org\apache\httpcomponents\httpcore\4.4.9\httpcore-4.4.9.jar;D:\apache-maven-3.5.4-bin\repository\commons-codec\commons-codec\1.11\commons-codec-1.11.jar;D:\apache-maven-3.5.4-bin\repository\com\google\inject\guice\4.1.0\guice-4.1.0.jar;D:\apache-maven-3.5.4-bin\repository\javax\inject\javax.inject\1\javax.inject-1.jar;D:\apache-maven-3.5.4-bin\repository\aopalliance\aopalliance\1.0\aopalliance-1.0.jar;D:\apache-maven-3.5.4-bin\repository\com\github\vlsi\compactmap\compactmap\1.2.1\compactmap-1.2.1.jar;D:\apache-maven-3.5.4-bin\repository\com\github\andrewoma\dexx\dexx-collections\0.2\dexx-collections-0.2.jar;D:\apache-maven-3.5.4-bin\repository\com\fasterxml\jackson\core\jackson-annotations\2.9.0\jackson-annotations-2.9.0.jar;D:\apache-maven-3.5.4-bin\repository\com\fasterxml\jackson\core\jackson-core\2.9.6\jackson-core-2.9.6.jar;D:\apache-maven-3.5.4-bin\repository\com\netflix\eureka\eureka-core\1.9.2\eureka-core-1.9.2.jar;D:\apache-maven-3.5.4-bin\repository\org\codehaus\woodstox\woodstox-core-asl\4.4.1\woodstox-core-asl-4.4.1.jar;D:\apache-maven-3.5.4-bin\repository\javax\xml\stream\stax-api\1.0-2\stax-api-1.0-2.jar;D:\apache-maven-3.5.4-bin\repository\org\codehaus\woodstox\stax2-api\3.1.4\stax2-api-3.1.4.jar;D:\apache-maven-3.5.4-bin\repository\org\springframework\cloud\spring-cloud-starter-netflix-archaius\2.0.0.RELEASE\spring-cloud-starter-netflix-archaius-2.0.0.RELEASE.jar;D:\apache-maven-3.5.4-bin\repository\org\springframework\cloud\spring-cloud-netflix-ribbon\2.0.0.RELEASE\spring-cloud-netflix-ribbon-2.0.0.RELEASE.jar;D:\apache-maven-3.5.4-bin\repository\org\springframework\cloud\spring-cloud-netflix-archaius\2.0.0.RELEASE\spring-cloud-netflix-archaius-2.0.0.RELEASE.jar;D:\apache-maven-3.5.4-bin\repository\commons-configuration\commons-configuration\1.8\commons-configuration-1.8.jar;D:\apache-maven-3.5.4-bin\repository\commons-lang\commons-lang\2.6\commons-lang-2.6.jar;D:\apache-maven-3.5.4-bin\repository\org\springframework\cloud\spring-cloud-starter-netflix-ribbon\2.0.0.RELEASE\spring-cloud-starter-netflix-ribbon-2.0.0.RELEASE.jar;D:\apache-maven-3.5.4-bin\repository\com\netflix\ribbon\ribbon\2.2.5\ribbon-2.2.5.jar;D:\apache-maven-3.5.4-bin\repository\com\netflix\ribbon\ribbon-transport\2.2.5\ribbon-transport-2.2.5.jar;D:\apache-maven-3.5.4-bin\repository\io\reactivex\rxnetty-contexts\0.4.9\rxnetty-contexts-0.4.9.jar;D:\apache-maven-3.5.4-bin\repository\io\reactivex\rxnetty-servo\0.4.9\rxnetty-servo-0.4.9.jar;D:\apache-maven-3.5.4-bin\repository\io\reactivex\rxnetty\0.4.9\rxnetty-0.4.9.jar;D:\apache-maven-3.5.4-bin\repository\io\netty\netty-codec-http\4.1.25.Final\netty-codec-http-4.1.25.Final.jar;D:\apache-maven-3.5.4-bin\repository\io\netty\netty-transport-native-epoll\4.1.25.Final\netty-transport-native-epoll-4.1.25.Final.jar;D:\apache-maven-3.5.4-bin\repository\io\netty\netty-transport-native-unix-common\4.1.25.Final\netty-transport-native-unix-common-4.1.25.Final.jar;D:\apache-maven-3.5.4-bin\repository\com\netflix\ribbon\ribbon-core\2.2.5\ribbon-core-2.2.5.jar;D:\apache-maven-3.5.4-bin\repository\com\netflix\ribbon\ribbon-httpclient\2.2.5\ribbon-httpclient-2.2.5.jar;D:\apache-maven-3.5.4-bin\repository\commons-collections\commons-collections\3.2.2\commons-collections-3.2.2.jar;D:\apache-maven-3.5.4-bin\repository\com\netflix\netflix-commons\netflix-commons-util\0.3.0\netflix-commons-util-0.3.0.jar;D:\apache-maven-3.5.4-bin\repository\com\netflix\ribbon\ribbon-loadbalancer\2.2.5\ribbon-loadbalancer-2.2.5.jar;D:\apache-maven-3.5.4-bin\repository\com\netflix\netflix-commons\netflix-statistics\0.1.1\netflix-statistics-0.1.1.jar;D:\apache-maven-3.5.4-bin\repository\io\reactivex\rxjava\1.3.8\rxjava-1.3.8.jar;D:\apache-maven-3.5.4-bin\repository\com\netflix\ribbon\ribbon-eureka\2.2.5\ribbon-eureka-2.2.5.jar;D:\apache-maven-3.5.4-bin\repository\com\thoughtworks\xstream\xstream\1.4.10\xstream-1.4.10.jar;D:\apache-maven-3.5.4-bin\repository\xmlpull\xmlpull\1.1.3.1\xmlpull-1.1.3.1.jar;D:\apache-maven-3.5.4-bin\repository\xpp3\xpp3_min\1.1.4c\xpp3_min-1.1.4c.jar;D:\apache-maven-3.5.4-bin\repository\org\springframework\cloud\spring-cloud-starter-openfeign\2.0.0.RELEASE\spring-cloud-starter-openfeign-2.0.0.RELEASE.jar;D:\apache-maven-3.5.4-bin\repository\org\springframework\cloud\spring-cloud-openfeign-core\2.0.0.RELEASE\spring-cloud-openfeign-core-2.0.0.RELEASE.jar;D:\apache-maven-3.5.4-bin\repository\org\springframework\cloud\spring-cloud-commons\2.0.0.RELEASE\spring-cloud-commons-2.0.0.RELEASE.jar;D:\apache-maven-3.5.4-bin\repository\org\springframework\security\spring-security-crypto\5.0.6.RELEASE\spring-security-crypto-5.0.6.RELEASE.jar;D:\apache-maven-3.5.4-bin\repository\io\github\openfeign\feign-core\9.5.1\feign-core-9.5.1.jar;D:\apache-maven-3.5.4-bin\repository\io\github\openfeign\feign-slf4j\9.5.1\feign-slf4j-9.5.1.jar;D:\apache-maven-3.5.4-bin\repository\io\github\openfeign\feign-hystrix\9.5.1\feign-hystrix-9.5.1.jar;D:\apache-maven-3.5.4-bin\repository\com\netflix\hystrix\hystrix-core\1.5.12\hystrix-core-1.5.12.jar;D:\apache-maven-3.5.4-bin\repository\io\github\openfeign\feign-java8\9.5.1\feign-java8-9.5.1.jar;D:\apache-maven-3.5.4-bin\repository\org\springframework\boot\spring-boot-starter-actuator\2.0.3.RELEASE\spring-boot-starter-actuator-2.0.3.RELEASE.jar;D:\apache-maven-3.5.4-bin\repository\org\springframework\boot\spring-boot-actuator-autoconfigure\2.0.3.RELEASE\spring-boot-actuator-autoconfigure-2.0.3.RELEASE.jar;D:\apache-maven-3.5.4-bin\repository\org\springframework\boot\spring-boot-actuator\2.0.3.RELEASE\spring-boot-actuator-2.0.3.RELEASE.jar;D:\apache-maven-3.5.4-bin\repository\io\micrometer\micrometer-core\1.0.5\micrometer-core-1.0.5.jar;D:\apache-maven-3.5.4-bin\repository\org\hdrhistogram\HdrHistogram\2.1.10\HdrHistogram-2.1.10.jar;D:\apache-maven-3.5.4-bin\repository\org\latencyutils\LatencyUtils\2.0.3\LatencyUtils-2.0.3.jar;D:\apache-maven-3.5.4-bin\repository\org\springframework\boot\spring-boot-starter-test\2.0.3.RELEASE\spring-boot-starter-test-2.0.3.RELEASE.jar;D:\apache-maven-3.5.4-bin\repository\org\springframework\boot\spring-boot-test\2.0.3.RELEASE\spring-boot-test-2.0.3.RELEASE.jar;D:\apache-maven-3.5.4-bin\repository\org\springframework\boot\spring-boot-test-autoconfigure\2.0.3.RELEASE\spring-boot-test-autoconfigure-2.0.3.RELEASE.jar;D:\apache-maven-3.5.4-bin\repository\com\jayway\jsonpath\json-path\2.4.0\json-path-2.4.0.jar;D:\apache-maven-3.5.4-bin\repository\net\minidev\json-smart\2.3\json-smart-2.3.jar;D:\apache-maven-3.5.4-bin\repository\net\minidev\accessors-smart\1.2\accessors-smart-1.2.jar;D:\apache-maven-3.5.4-bin\repository\org\ow2\asm\asm\5.0.4\asm-5.0.4.jar;D:\apache-maven-3.5.4-bin\repository\junit\junit\4.12\junit-4.12.jar;D:\apache-maven-3.5.4-bin\repository\org\assertj\assertj-core\3.9.1\assertj-core-3.9.1.jar;D:\apache-maven-3.5.4-bin\repository\org\mockito\mockito-core\2.15.0\mockito-core-2.15.0.jar;D:\apache-maven-3.5.4-bin\repository\net\bytebuddy\byte-buddy\1.7.11\byte-buddy-1.7.11.jar;D:\apache-maven-3.5.4-bin\repository\net\bytebuddy\byte-buddy-agent\1.7.11\byte-buddy-agent-1.7.11.jar;D:\apache-maven-3.5.4-bin\repository\org\objenesis\objenesis\2.6\objenesis-2.6.jar;D:\apache-maven-3.5.4-bin\repository\org\hamcrest\hamcrest-core\1.3\hamcrest-core-1.3.jar;D:\apache-maven-3.5.4-bin\repository\org\hamcrest\hamcrest-library\1.3\hamcrest-library-1.3.jar;D:\apache-maven-3.5.4-bin\repository\org\skyscreamer\jsonassert\1.5.0\jsonassert-1.5.0.jar;D:\apache-maven-3.5.4-bin\repository\com\vaadin\external\google\android-json\0.0.20131108.vaadin1\android-json-0.0.20131108.vaadin1.jar;D:\apache-maven-3.5.4-bin\repository\org\springframework\spring-core\5.0.7.RELEASE\spring-core-5.0.7.RELEASE.jar;D:\apache-maven-3.5.4-bin\repository\org\springframework\spring-jcl\5.0.7.RELEASE\spring-jcl-5.0.7.RELEASE.jar;D:\apache-maven-3.5.4-bin\repository\org\springframework\spring-test\5.0.7.RELEASE\spring-test-5.0.7.RELEASE.jar;D:\apache-maven-3.5.4-bin\repository\org\xmlunit\xmlunit-core\2.5.1\xmlunit-core-2.5.1.jar;"/>
    <property name="sun.cpu.endian" value="little"/>
    <property name="user.home" value="C:\Users\水银队长"/>
    <property name="user.language" value="zh"/>
    <property name="java.specification.vendor" value="Oracle Corporation"/>
    <property name="java.home" value="C:\Program Files\Java\jdk1.8.0_102\jre"/>
    <property name="basedir" value="E:\smallby\smallby-cloud\smallby-user"/>
    <property name="file.separator" value="\"/>
    <property name="line.separator" value="&#10;"/>
    <property name="java.vm.specification.vendor" value="Oracle Corporation"/>
    <property name="java.specification.name" value="Java Platform API Specification"/>
    <property name="java.awt.graphicsenv" value="sun.awt.Win32GraphicsEnvironment"/>
    <property name="surefire.real.class.path" value="C:\Users\水银队长\AppData\Local\Temp\surefire6741544556341596019\surefirebooter8050429905131488833.jar"/>
    <property name="sun.boot.class.path" value="C:\Program Files\Java\jdk1.8.0_102\jre\lib\resources.jar;C:\Program Files\Java\jdk1.8.0_102\jre\lib\rt.jar;C:\Program Files\Java\jdk1.8.0_102\jre\lib\sunrsasign.jar;C:\Program Files\Java\jdk1.8.0_102\jre\lib\jsse.jar;C:\Program Files\Java\jdk1.8.0_102\jre\lib\jce.jar;C:\Program Files\Java\jdk1.8.0_102\jre\lib\charsets.jar;C:\Program Files\Java\jdk1.8.0_102\jre\lib\jfr.jar;C:\Program Files\Java\jdk1.8.0_102\jre\classes"/>
    <property name="user.script" value=""/>
    <property name="sun.management.compiler" value="HotSpot 64-Bit Tiered Compilers"/>
    <property name="java.runtime.version" value="1.8.0_102-b14"/>
    <property name="user.name" value="水银队长"/>
    <property name="path.separator" value=";"/>
    <property name="os.version" value="10.0"/>
    <property name="java.endorsed.dirs" value="C:\Program Files\Java\jdk1.8.0_102\jre\lib\endorsed"/>
    <property name="java.runtime.name" value="Java(TM) SE Runtime Environment"/>
    <property name="file.encoding" value="GBK"/>
    <property name="java.vm.name" value="Java HotSpot(TM) 64-Bit Server VM"/>
    <property name="localRepository" value="D:\apache-maven-3.5.4-bin\repository"/>
    <property name="java.vendor.url.bug" value="http://bugreport.sun.com/bugreport/"/>
    <property name="java.io.tmpdir" value="C:\Users\水银队长\AppData\Local\Temp\"/>
    <property name="java.version" value="1.8.0_102"/>
    <property name="user.dir" value="E:\smallby\smallby-cloud\smallby-user"/>
    <property name="os.arch" value="amd64"/>
    <property name="java.vm.specification.name" value="Java Virtual Machine Specification"/>
    <property name="java.awt.printerjob" value="sun.awt.windows.WPrinterJob"/>
    <property name="idea.version2019.1.3" value="true"/>
    <property name="sun.os.patch.level" value=""/>
    <property name="java.library.path" value="C:\Program Files\Java\jdk1.8.0_102\jre\bin;C:\WINDOWS\Sun\Java\bin;C:\WINDOWS\system32;C:\WINDOWS;C:\ProgramData\Oracle\Java\javapath;C:\WINDOWS\system32;C:\WINDOWS;C:\WINDOWS\System32\Wbem;C:\WINDOWS\System32\WindowsPowerShell\v1.0\;C:\Program Files\Java\jdk1.8.0_102\bin;C:\Program Files\Java\jdk1.8.0_102\jre\bin;E:\tortoiseSVN\bin;E:\RAtionRose\common;C:\WINDOWS\System32\OpenSSH\;D:\apache-maven-3.5.4-bin\apache-maven-3.5.4\bin;E:\Program Files\Git\cmd;D:\node\;D:\node\node_global\node_modules;D:\node\node_global;C:\Users\水银队长\AppData\Local\Microsoft\WindowsApps;D:\node\node_global\node_modules;E:\sshSecure;C:\Users\水银队长\AppData\Local\Programs\Fiddler;."/>
    <property name="java.vm.info" value="mixed mode"/>
    <property name="java.vendor" value="Oracle Corporation"/>
    <property name="java.vm.version" value="25.102-b14"/>
    <property name="java.ext.dirs" value="C:\Program Files\Java\jdk1.8.0_102\jre\lib\ext;C:\WINDOWS\Sun\Java\lib\ext"/>
    <property name="sun.io.unicode.encoding" value="UnicodeLittle"/>
    <property name="maven.repo.local" value="D:\apache-maven-3.5.4-bin\repository"/>
    <property name="java.class.version" value="52.0"/>
  </properties>
  <testcase name="initializationError" classname="com.lzc.smallbyuser.SmallbyUserApplicationTests" time="0.017">
    <error message="The class com.lzc.smallbyuser.SmallbyUserApplicationTests is not public." type="java.lang.Exception">java.lang.Exception: The class com.lzc.smallbyuser.SmallbyUserApplicationTests is not public.
</error>
  </testcase>
  <testcase name="initializationError" classname="com.lzc.smallbyuser.SmallbyUserApplicationTests" time="0">
    <error message="Test class should have exactly one public constructor" type="java.lang.Exception">java.lang.Exception: Test class should have exactly one public constructor
</error>
  </testcase>
  <testcase name="initializationError" classname="com.lzc.smallbyuser.SmallbyUserApplicationTests" time="0">
    <error message="Method contextLoads() should be public" type="java.lang.Exception">java.lang.Exception: Method contextLoads() should be public
</error>
  </testcase>
</testsuite>